<?xml version="1.0" encoding="UTF-8"?>
<!-- Generated by org.testng.reporters.JUnitReportReporter -->
<testsuite skipped="0" hostname="Ramrajesh-PC" name="day5.DateProviderWithInput" tests="4" failures="0" timestamp="02 Mar 2022 10:23:59 GMT" time="98.548" errors="0">
  <testcase name="LoginTest" time="31.529" classname="day5.DateProviderWithInput"/>
  <testcase name="LoginTest" time="22.932" classname="day5.DateProviderWithInput"/>
  <testcase name="LoginTest" time="21.694" classname="day5.DateProviderWithInput"/>
  <testcase name="LoginTest" time="22.393" classname="day5.DateProviderWithInput"/>
</testsuite> <!-- day5.DateProviderWithInput -->
