<?xml version="1.0" encoding="UTF-8"?>
<!-- Generated by org.testng.reporters.JUnitReportReporter -->
<testsuite skipped="0" hostname="Ramrajesh-PC" name="day5.TestNGExercise1" tests="2" failures="0" timestamp="02 Mar 2022 10:25:59 GMT" time="0.016" errors="0">
  <testcase name="TestCase2" time="0.003" classname="day5.TestNGExercise1"/>
  <testcase name="TestCase1" time="0.013" classname="day5.TestNGExercise1"/>
</testsuite> <!-- day5.TestNGExercise1 -->
