<?xml version="1.0" encoding="UTF-8"?>
<!-- Generated by org.testng.reporters.JUnitReportReporter -->
<testsuite skipped="1" hostname="Ramrajesh-PC" name="day5.TestNGExercise2" tests="2" failures="0" timestamp="02 Mar 2022 10:25:59 GMT" time="15.359" errors="0">
  <testcase name="LoginTC" time="15.359" classname="day5.TestNGExercise2"/>
  <testcase name="FlightSearchTC" classname="day5.TestNGExercise2">
    <skipped/>
  </testcase> <!-- FlightSearchTC -->
</testsuite> <!-- day5.TestNGExercise2 -->
